<?xml version="1.0" encoding="UTF-8"?>
<!-- Generated by org.testng.reporters.JUnitXMLReporter -->
<testsuite ignored="0" hostname="DESKTOP-C28O1GT" failures="0" tests="4" name="Test" time="10.117" errors="0" timestamp="10 Nov 2023 16:38:30 GMT">
  <testcase classname="com.Tutoring_Practice.ChooseAProduct" name="startChoosingProduct" time="3.036"/>
  <testcase classname="com.Tutoring_Practice.Swag_Labs" name="veriyLoginWithValidCredintial" time="0.448"/>
  <testcase classname="com.Tutoring_Practice.Swag_Labs" name="verifyLoginWithInvalidCredintials" time="0.299"/>
  <testcase classname="com.Tutoring_Practice.Swag_Labs" name="verifyLoginWithNoCredintial" time="0.119"/>
</testsuite> <!-- Test -->
